C51 COMPILER V9.54   OLED                                                                  04/03/2026 11:03:29 PAGE 1   


C51 COMPILER V9.54, COMPILATION OF MODULE OLED
OBJECT MODULE PLACED IN .\Objects\OLED.obj
COMPILER INVOKED BY: E:\51keil_5\C51\BIN\C51.EXE OLED.c OPTIMIZE(8,SPEED) BROWSE DEBUG OBJECTEXTEND PRINT(.\Listings\OLE
                    -D.lst) OBJECT(.\Objects\OLED.obj)

line level    source

   1          #include <oled.h>
   2          #include <oledsucai.h>          //ШЁФЃЕФзжПт 
   3          
   4          
   5          unsigned char bdata bt=0; // ПЩЮЛбАжЗЕФЦЌФкram
   6          sbit bt0=bt^0;
   7          sbit bt1=bt^1;
   8          sbit bt2=bt^2;
   9          sbit bt3=bt^3;
  10          sbit bt4=bt^4;
  11          sbit bt5=bt^5;
  12          sbit bt6=bt^6;
  13          sbit bt7=bt^7;
  14          
  15          
  16          void delay_ms(unsigned int ms)
  17          {                         
  18   1              unsigned int a;
  19   1              while(ms)
  20   1              {
  21   2                      a=1800;
  22   2                      while(a--);
  23   2                      ms--;
  24   2              }
  25   1      }
  26          /**********************************************
  27          //IIC Start
  28          **********************************************/
  29          void IIC_Start()
  30          {
  31   1       
  32   1              OLED_SCLK_Set() ;
  33   1              OLED_SDIN_Set();
  34   1              OLED_SDIN_Clr();
  35   1              OLED_SCLK_Clr();
  36   1      }
  37           
  38          /**********************************************
  39          //IIC Stop
  40          **********************************************/
  41          void IIC_Stop()
  42          {
  43   1      OLED_SCLK_Set() ;
  44   1      //      OLED_SCLK_Clr();
  45   1              OLED_SDIN_Clr();
  46   1              OLED_SDIN_Set();
  47   1              
  48   1      }
  49           
  50          void IIC_Wait_Ack()
  51          {
  52   1       
  53   1              //GPIOB->CRH &= 0XFFF0FFFF;     //ЩшжУPB12ЮЊЩЯР­ЪфШыФЃЪН
  54   1              //GPIOB->CRH |= 0x00080000;
C51 COMPILER V9.54   OLED                                                                  04/03/2026 11:03:29 PAGE 2   

  55   1      //      OLED_SDA = 1;
  56   1      //      delay_us(1);
  57   1              //OLED_SCL = 1;
  58   1              //delay_us(50000);
  59   1      /*      while(1)
  60   1              {
  61   1                      if(!OLED_SDA)                           //ХаЖЯЪЧЗёНгЪеЕНOLED гІД№аХКХ
  62   1                      {
  63   1                              //GPIOB->CRH &= 0XFFF0FFFF;     //ЩшжУPB12ЮЊЭЈгУЭЦУтЪфГіФЃЪН
  64   1                              //GPIOB->CRH |= 0x00030000;
  65   1                              return;
  66   1                      }
  67   1              }
  68   1      */
  69   1              OLED_SCLK_Set() ;
  70   1              OLED_SCLK_Clr();
  71   1      }
  72          /**********************************************
  73          // IIC Write byte
  74          **********************************************/
  75           
  76          void Write_IIC_Byte(unsigned char IIC_Byte)
  77          {
  78   1              unsigned char i;
  79   1              unsigned char m,da;
  80   1              da=IIC_Byte;
  81   1              OLED_SCLK_Clr();
  82   1              for(i=0;i<8;i++)                
  83   1              {
  84   2                              m=da;
  85   2                      //      OLED_SCLK_Clr();
  86   2                      m=m&0x80;
  87   2                      if(m==0x80)
  88   2                      {OLED_SDIN_Set();}
  89   2                      else OLED_SDIN_Clr();
  90   2                              da=da<<1;
  91   2                      OLED_SCLK_Set();
  92   2                      OLED_SCLK_Clr();
  93   2                      }
  94   1      }
  95          /**********************************************
  96          // IIC Write Command
  97          **********************************************/
  98          void Write_IIC_Command(unsigned char IIC_Command)
  99          {
 100   1         IIC_Start();
 101   1         Write_IIC_Byte(0x78);            //Slave address,SA0=0
 102   1              IIC_Wait_Ack(); 
 103   1         Write_IIC_Byte(0x00);                        //write command
 104   1              IIC_Wait_Ack(); 
 105   1         Write_IIC_Byte(IIC_Command); 
 106   1              IIC_Wait_Ack(); 
 107   1         IIC_Stop();
 108   1      }
 109          /**********************************************
 110          // IIC Write Data
 111          **********************************************/
 112          void Write_IIC_Data(unsigned char IIC_Data)
 113          {
 114   1         IIC_Start();
 115   1         Write_IIC_Byte(0x78);                        //D/C#=0; R/W#=0
 116   1              IIC_Wait_Ack(); 
C51 COMPILER V9.54   OLED                                                                  04/03/2026 11:03:29 PAGE 3   

 117   1         Write_IIC_Byte(0x40);                        //write data
 118   1              IIC_Wait_Ack(); 
 119   1         Write_IIC_Byte(IIC_Data);
 120   1              IIC_Wait_Ack(); 
 121   1         IIC_Stop();
 122   1      }
 123          void OLED_WR_Byte(unsigned dat,unsigned cmd)
 124          {
 125   1              if(cmd)
 126   1              {
 127   2                              Write_IIC_Data(dat);
 128   2              }
 129   1              else 
 130   1                      {
 131   2                              Write_IIC_Command(dat); 
 132   2                      }
 133   1      }
 134           
 135          /********************************************
 136          // fill_Picture
 137          ********************************************/
 138          void fill_picture(unsigned char fill_Data)
 139          {
 140   1              unsigned char m,n;
 141   1              for(m=0;m<8;m++)
 142   1              {
 143   2                      OLED_WR_Byte(0xb0+m,0);         //page0-page1
 144   2                      OLED_WR_Byte(0x00,0);           //low column start address
 145   2                      OLED_WR_Byte(0x10,0);           //high column start address
 146   2                      for(n=0;n<128;n++)
 147   2                              {
 148   3                                      OLED_WR_Byte(fill_Data,1);
 149   3                              }
 150   2              }
 151   1      }
 152           
 153           
 154          /***********************Delay****************************************/
 155          //void Delay_50ms(unsigned int Del_50ms)
 156          //{
 157          //      unsigned int m;
 158          //      for(;Del_50ms>0;Del_50ms--)
 159          //              for(m=6245;m>0;m--);
 160          //}
 161          // 
 162          //void Delay_1ms(unsigned int Del_1ms)
 163          //{
 164          //      unsigned char j;
 165          //      while(Del_1ms--)
 166          //      {       
 167          //              for(j=0;j<123;j++);
 168          //      }
 169          //}
 170           
 171          //зјБъЩшжУ
 172           
 173          void OLED_Set_Pos(unsigned char x, unsigned char y) 
 174          {       OLED_WR_Byte(0xb0+y,OLED_CMD);
 175   1              OLED_WR_Byte(((x&0xf0)>>4)|0x10,OLED_CMD);
 176   1              OLED_WR_Byte((x&0x0f),OLED_CMD); 
 177   1      }         
 178          //ПЊЦєOLEDЯдЪО    
C51 COMPILER V9.54   OLED                                                                  04/03/2026 11:03:29 PAGE 4   

 179          void OLED_Display_On(void)
 180          {
 181   1              OLED_WR_Byte(0X8D,OLED_CMD);  //SET DCDCУќСю
 182   1              OLED_WR_Byte(0X14,OLED_CMD);  //DCDC ON
 183   1              OLED_WR_Byte(0XAF,OLED_CMD);  //DISPLAY ON
 184   1      }
 185          //ЙиБеOLEDЯдЪО     
 186          void OLED_Display_Off(void)
 187          {
 188   1              OLED_WR_Byte(0X8D,OLED_CMD);  //SET DCDCУќСю
 189   1              OLED_WR_Byte(0X10,OLED_CMD);  //DCDC OFF
 190   1              OLED_WR_Byte(0XAE,OLED_CMD);  //DISPLAY OFF
 191   1      }                                        
 192          //ЧхЦСКЏЪ§,ЧхЭъЦС,ећИіЦСФЛЪЧКкЩЋЕФ!КЭУЛЕуССвЛбљ!!!        
 193          void OLED_Clear(void)  
 194          {  
 195   1              u8 i,n;             
 196   1              for(i=0;i<8;i++)  
 197   1              {  
 198   2                      OLED_WR_Byte (0xb0+i,OLED_CMD);    //ЩшжУвГЕижЗЃЈ0~7ЃЉ
 199   2                      OLED_WR_Byte (0x00,OLED_CMD);      //ЩшжУЯдЪОЮЛжУЁЊСаЕЭЕижЗ
 200   2                      OLED_WR_Byte (0x10,OLED_CMD);      //ЩшжУЯдЪОЮЛжУЁЊСаИпЕижЗ   
 201   2                      for(n=0;n<128;n++)OLED_WR_Byte(0,OLED_DATA); 
 202   2              } //ИќаТЯдЪО
 203   1      }
 204          void OLED_On(void)  
 205          {  
 206   1              u8 i,n;             
 207   1              for(i=0;i<8;i++)  
 208   1              {  
 209   2                      OLED_WR_Byte (0xb0+i,OLED_CMD);    //ЩшжУвГЕижЗЃЈ0~7ЃЉ
 210   2                      OLED_WR_Byte (0x00,OLED_CMD);      //ЩшжУЯдЪОЮЛжУЁЊСаЕЭЕижЗ
 211   2                      OLED_WR_Byte (0x10,OLED_CMD);      //ЩшжУЯдЪОЮЛжУЁЊСаИпЕижЗ   
 212   2                      for(n=0;n<128;n++)OLED_WR_Byte(1,OLED_DATA); 
 213   2              } //ИќаТЯдЪО
 214   1      }
 215          //дкжИЖЈЮЛжУЯдЪОвЛИізжЗћ,АќРЈВПЗжзжЗћ
 216          //x:0~127
 217          //y:0~63
 218          //mode:0,ЗДАзЯдЪО;1,е§ГЃЯдЪО                             
 219          //size:бЁдёзжЬх 16/12
 220          
 221          //----------------------ЪОР§ЃКЯдЪОЕЅИізжЗћКЏЪ§------------------------------------------------------------
             ------------------------
 222          //------КЏЪ§ЃКOLED_ShowChar(71,2,1,8); 
 223          //------ЕквЛИіаЮВЮСазјБъЃК71ЃКЕк71СаЯёЫиЃЈШЁжЕЗЖЮЇ0ЁЊ127СаЃЉПЊЪМЯдЪОИУзжЗћ
 224          //------ЕкЖўИіаЮВЮаазјБъЃК2ЃК Ек2вГЃЈШЁжЕЗЖЮЇ0-7вГЃЌУПвГ8ааЯёЫиЃЉ
 225          //------ЕкШ§ИіаЮВЮзжЗћЃК'A'ЃКзжЗћЁЎAЁЏ
 226          //------ЕкЫФИіаЮВЮзжЗћДѓаЁЃК8ЃКзжЗћЕуеѓДѓаЁЃЌШЁжЕ8:F6*8[]зжЗћМЏЃЌзжЗћДѓаЁ6*8ЯёЫиЁЃШЁжЕ16ЃКF8*16[]зжЗћМЏЃЌз
             -жЗћДѓаЁ8*16ЯёЫи       
 227          //void OLED_ShowChar(u8 x,u8 y,u8 chr,u8 Char_Size)
 228          //{             
 229          //      unsigned char c=0,i=0;  
 230          //              c=chr-' ';//ЕУЕНЦЋвЦКѓЕФжЕ                      
 231          //              if(x>Max_Column-1){x=0;y=y+2;}
 232          //              if(Char_Size ==16)
 233          //                      {
 234          //                      OLED_Set_Pos(x,y);      
 235          //                      for(i=0;i<8;i++)
 236          //                      OLED_WR_Byte(F8X16[c*16+i],OLED_DATA);
 237          //                      OLED_Set_Pos(x,y+1);
 238          //                      for(i=0;i<8;i++)
C51 COMPILER V9.54   OLED                                                                  04/03/2026 11:03:29 PAGE 5   

 239          //                      OLED_WR_Byte(F8X16[c*16+i+8],OLED_DATA);
 240          //                      }
 241          //                      else {  
 242          //                              OLED_Set_Pos(x,y);
 243          //                              for(i=0;i<6;i++)
 244          //                              OLED_WR_Byte(F6x8[c][i],OLED_DATA);
 245          //                              
 246          //                      }
 247          //}
 248          //m^nКЏЪ§
 249          u32 oled_pow(u8 m,u8 n)
 250          {
 251   1              u32 result=1;    
 252   1              while(n--)result*=m;    
 253   1              return result;
 254   1      }                                 
 255          //ЯдЪО2ИіЪ§зж
 256          //x,y :Ц№ЕузјБъ  
 257          //len :Ъ§зжЕФЮЛЪ§
 258          //size:зжЬхДѓаЁ
 259          //num:Ъ§жЕ(0~4294967295);
 260          
 261          //----------------------ЪОР§ЃКЯдЪОБфСПжЕКЏЪ§--------------------------------------------------------------
             ------------------------
 262          //------КЏЪ§ЃКOLED_ShowNum(71,7,sec,2,8);
 263          //------ЕквЛИіаЮВЮСазјБъЃК71ЃКЕк71СаЯёЫиЃЈШЁжЕЗЖЮЇ0ЁЊ127СаЃЉПЊЪМЯдЪОИУзжЗћ
 264          //------ЕкЖўИіаЮВЮаазјБъЃК7ЃК Ек7вГЃЈШЁжЕЗЖЮЇ0-7вГЃЌУПвГ8ааЯёЫиЃЉ
 265          //------ЕкШ§ИіаЮВЮБфСПЃКsecЃКЪБжгУыБфСП
 266          //------ЕкЫФИіаЮВЮБфСПГЄЖШЃК2ЃК2ЮЛ
 267          //------ЕкЮхИіаЮВЮзжЗћДѓаЁЃК8ЃКзжЗћЕуеѓДѓаЁЃЌШЁжЕ8:F6*8[]зжЗћМЏЃЌзжЗћДѓаЁ6*8ЯёЫиЁЃШЁжЕ16ЃКF8*16[]зжЗћМЏЃЌз
             -жЗћДѓаЁ8*16ЯёЫи       
 268          //void OLED_ShowNum(u8 x,u8 y,u32 num,u8 len,u8 size2)
 269          //{             
 270          //      u8 t,temp;
 271          //      u8 enshow=0;                                               
 272          //      for(t=0;t<len;t++)
 273          //      {
 274          //              temp=(num/oled_pow(10,len-t-1))%10;
 275          //              if(enshow==0&&t<(len-1))
 276          //              {
 277          //                      if(temp==0)
 278          //                      {
 279          //                      //      OLED_ShowChar(x+(size2/2)*t,y,' ',size2);//ДЫОфЮЊд­ОфЃЌЖрЮЛЪ§ОнгажиЕў(size2 = 8 ЪБЃЌsize/2 = 4,зжЗ
             -ћПэЖШЮЊ6ЯёЫиЃЌЛсжиЕў)
 280          //                              if(size2 == 8) OLED_ShowChar(x+(size2/2+2)*t,y,' ',size2);//ДЫОфЮЊаоИФОф,ЯћГ§БфСПГЄЖШДѓгк1жиЕўЮЪЬт              
             -                        
 281          //                              else if(size2 == 16) OLED_ShowChar(x+(size2/2)*t,y,' ',size2);//ДЫОфЮЊаоИФОф,ЯћГ§БфСПГЄЖШДѓгк1жиЕўЮЪ
             -Ьт                 
 282          //                              continue;
 283          //                      }else enshow=1; 
 284          //                       
 285          //              }
 286          //      //      OLED_ShowChar(x+(size2/2)*t,y,temp+'0',size2); //ДЫОфЮЊд­ОфЃЌЖрЮЛЪ§ОнгажиЕў(size2 = 8 ЪБЃЌsize/2 = 
             -4,зжЗћПэЖШЮЊ6ЯёЫиЃЌЛсжиЕў)
 287          //                      if(size2 == 8)  OLED_ShowChar(x+(size2/2+2)*t,y,temp+'0',size2);//ДЫОфЮЊаоИФОф,ЯћГ§БфСПГЄЖШДѓгк1жиЕўЮ
             -ЪЬт                                        
 288          //                      else if(size2 == 16)    OLED_ShowChar(x+(size2/2)*t,y,temp+'0',size2);//ДЫОфЮЊаоИФОф,ЯћГ§БфСПГЄЖШДѓгк1ж
             -иЕўЮЪЬт                
 289          //              
 290          //      }
 291          //} 
 292          //ЯдЪОвЛИізжЗћДЎ
C51 COMPILER V9.54   OLED                                                                  04/03/2026 11:03:29 PAGE 6   

 293          //----------------------ЪОР§ЃКЯдЪОзжЗћДЎКЏЪ§--------------------------------------------------------------
             ------------------------
 294          //------КЏЪ§ЃКOLED_ShowString(71,4,"Ab123%&",8);
 295          //------ЕквЛИіаЮВЮСазјБъЃК71ЃКЕк71СаЯёЫиЃЈШЁжЕЗЖЮЇ0ЁЊ127СаЃЉПЊЪМЯдЪОИУзжЗћ
 296          //------ЕкЖўИіаЮВЮаазјБъЃК4ЃК Ек4вГЃЈШЁжЕЗЖЮЇ0-7вГЃЌУПвГ8ааЯёЫиЃЉ
 297          //------ЕкШ§ИіаЮВЮзжЗћДЎЃК"Ab123%&"ЃКзжЗћДЎЃК"Ab123%&"
 298          //------ЕкЫФИіаЮВЮзжЗћДѓаЁЃК8ЃКзжЗћЕуеѓДѓаЁЃЌШЁжЕ8:F6*8[]зжЗћМЏЃЌзжЗћДѓаЁ6*8ЯёЫиЁЃШЁжЕ16ЃКF8*16[]зжЗћМЏЃЌз
             -жЗћДѓаЁ8*16ЯёЫи
 299          //void OLED_ShowString(u8 x,u8 y,u8 *chr,u8 Char_Size)
 300          //{
 301          //      unsigned char j=0;
 302          //      while (chr[j]!='\0')
 303          //      {               OLED_ShowChar(x,y,chr[j],Char_Size);
 304          //                      x+=8;
 305          //              if(x>120){x=0;y+=2;}
 306          //                      j++;
 307          //      }
 308          //}
 309          //ЯдЪОККзж
 310          //----------------------ЪОР§ЃКЯдЪО16*16ЯёЫиККзжКЏЪ§-------------------------------------------------------
             -----------------------
 311          //------КЏЪ§ЃКOLED_ShowCHinese(0 ,0,0); 
 312          //------ЕквЛИіаЮВЮСазјБъЃК0ЃКЕк0СаЯёЫиЃЈШЁжЕЗЖЮЇ0ЁЊ127СаЃЉЃЌ16*16ККзжПэЮЊ16СаЯёЫиЃЌЯТвЛИізжжСЩйДг16СаЯёЫиП
             -ЊЪМ 
 313          //------ЕкЖўИіаЮВЮаазјБъЃК0ЃКЕк0вГЃЈШЁжЕ0-7вГЃЉЃЈПЩвдРэНтЮЊЃКЙВ8вГЃЌУПвГ8ааЯёЫиЃЌЙВ64ааЯёЫиЃЌ16*16ККзжУПИі
             -зжеМ2вГЙВ16ааЯёЫиЃЉ
 314          //------ЕкШ§ИіаЮВЮККзжПтБрКХЃК0ЃКЯдЪОФФИіжаЮФЃЌoledfont.hзжПтжаHzk[]ЖдгІЕФККзжЫГађЃЌР§ШчЃКЁЎВМЁЏЮЊHzk[0],Ш
             -ЁжЕ0ЃЌЁЎЖЁЁЏЮЊHzk[1],ШЁжЕ1
 315          //void OLED_ShowCHinese(u8 x,u8 y,u8 no)
 316          //{                                 
 317          //      u8 t,adder=0;
 318          //      OLED_Set_Pos(x,y);      
 319          //    for(t=0;t<16;t++)
 320          //              {
 321          //                              OLED_WR_Byte(Hzk[2*no][t],OLED_DATA);
 322          //                              adder+=1;
 323          //     }        
 324          //              OLED_Set_Pos(x,y+1);    
 325          //    for(t=0;t<16;t++)
 326          //                      {       
 327          //                              OLED_WR_Byte(Hzk[2*no+1][t],OLED_DATA);
 328          //                              adder+=1;
 329          //      }                                       
 330          //}
 331          /***********ЙІФмУшЪіЃКЯдЪОBMPЭМЦЌ128ЁС64,Ц№ЪМЕузјБъ(x,y),xЕФЗЖЮЇ0ЁЋ127ЃЌyЮЊвГЕФЗЖЮЇ0ЁЋ7*****************/
 332          //void OLED_DrawBMP(unsigned char x0, unsigned char y0,unsigned char x1, unsigned char y1,unsigned char BM
             -P[])
 333          //{     
 334          // unsigned int j=0;
 335          // unsigned char x,y;
 336          //  
 337          //  if(y1%8==0) y=y1/8;      
 338          //  else y=y1/8+1;
 339          //      for(y=y0;y<y1;y++)
 340          //      {
 341          //              OLED_Set_Pos(x0,y);
 342          //    for(x=x0;x<x1;x++)
 343          //          {      
 344          //              OLED_WR_Byte(BMP[j++],OLED_DATA);               
 345          //          }
 346          //      }
 347          //} 
C51 COMPILER V9.54   OLED                                                                  04/03/2026 11:03:29 PAGE 7   

 348          //-----------------------------------ПьЫйЫЂаТЛ­ЭМКЏЪ§---------------- 
 349          //void OLED_DrawBMP_Fast(unsigned char x0, unsigned char y0,unsigned char x1, unsigned char y1,unsigned ch
             -ar BMP[])
 350          //{     
 351          // unsigned int j=0;
 352          // unsigned char x,y;
 353          //  
 354          //  if(y1%8==0) y=y1/8;      
 355          //  else y=y1/8+1;
 356          //      for(y=y0;y<y1;y++)
 357          //      {
 358          //              OLED_Set_Pos(x0,y);
 359          //              IIC_Start();
 360          //              Write_IIC_Byte(0x78);                   //D/C#=0; R/W#=0
 361          //              IIC_Wait_Ack();
 362          //              Write_IIC_Byte(0x40);                   //write data
 363          //              IIC_Wait_Ack();
 364          //    for(x=x0;x<x1;x++)
 365          //         {  
 366          //                      Write_IIC_Byte(BMP[j++]);       
 367          //                      IIC_Wait_Ack();
 368          //              //      IIC_Stop();
 369          //         }
 370          //              IIC_Stop();
 371          //              
 372          //      }
 373          //}
 374          //----------------------ЪОР§ЃКЯдЪОЭМЦЌКЏЪ§----------------------------------------------------------------
             ------------------------
 375          //------КЏЪ§ЃКOLED_DrawBMP(0,2,64,8,BMP0);
 376          //------ЕквЛИіаЮВЮЦ№ЪМСазјБъЃК0ЃКЕк0СаЯёЫиЃЈШЁжЕЗЖЮЇ0ЁЊ127СаЃЉПЊЪМ
 377          //------ЕкЖўИіаЮВЮЦ№ЪМаазјБъЃК2ЃКЕк2вГЃЈШЁжЕЗЖЮЇ0-7вГЃЌУПвГ8ааЯёЫиЃЉПЊЪМ
 378          //------ЕкШ§ИіаЮВЮНсЪјСазјБъЃК64ЃКЕк64СаЯёЫиЃЈШЁжЕЗЖЮЇ0ЁЊ127СаЃЉНшЫо
 379          //------ЕкЫФИіаЮВЮНсЪјаазјБъЃК7ЃКЕк7вГЃЈШЁжЕЗЖЮЇ0-7вГЃЌУПвГ8ааЯёЫиЃЉНсЪј
 380          //------ЕкЮхИіаЮВЮЭМЦЌЪ§зщУћЃКBMP0ЃЌашвЊдкжїКЏЪ§ЩљУїЭтВПБфСПЃЌextern uchar code BMP0[];
 381          //----------------------------ИќПьЕФЛ­ЭМКЏЪ§-----------------------
 382          void OLED_DrawBMP_Faster(unsigned char x0, unsigned char y0,unsigned char x1, unsigned char y1,unsigned ch
             -ar BMP[])
 383          {       
 384   1       unsigned int j=0;
 385   1       unsigned char x,y,*p;
 386   1              p=BMP;
 387   1              for(y=y0;y<=y1;y++)
 388   1              {
 389   2                      OLED_Set_Pos(x0,y);
 390   2                      IIC_Start();
 391   2                      Write_IIC_Byte(0x78);                   //D/C#=0; R/W#=0
 392   2                      IIC_Wait_Ack();
 393   2                      Write_IIC_Byte(0x40);                   //write data
 394   2                      IIC_Wait_Ack();
 395   2          for(x=x0;x<x1;x++)
 396   2                 {  
 397   3                              bt = *p;
 398   3                              OLED_SDIN = bt7;
 399   3                              OLED_SCL = 1;
 400   3                              OLED_SCL = 0;                   
 401   3                              OLED_SDIN = bt6;
 402   3                              OLED_SCL = 1;
 403   3                              OLED_SCL = 0;
 404   3                              OLED_SDIN = bt5;
 405   3                              OLED_SCL = 1;
 406   3                              OLED_SCL = 0;
C51 COMPILER V9.54   OLED                                                                  04/03/2026 11:03:29 PAGE 8   

 407   3                              OLED_SDIN = bt4;
 408   3                              OLED_SCL = 1;
 409   3                              OLED_SCL = 0;
 410   3                              OLED_SDIN = bt3;
 411   3                              OLED_SCL = 1;
 412   3                              OLED_SCL = 0;
 413   3                              OLED_SDIN = bt2;
 414   3                              OLED_SCL = 1;
 415   3                              OLED_SCL = 0;
 416   3                              OLED_SDIN = bt1;
 417   3                              OLED_SCL = 1;
 418   3                              OLED_SCL = 0;
 419   3                              OLED_SDIN = bt0;
 420   3                              OLED_SCL = 1;
 421   3                              OLED_SCL = 0;                   
 422   3                              p++;    
 423   3                              IIC_Wait_Ack();
 424   3                 }
 425   2                      IIC_Stop();
 426   2              }
 427   1      } 
 428          
 429          void BMPmove(unsigned char BMPx1,unsigned char BMPy1,unsigned char BMPx2,unsigned char BMPy2,unsigned char
             - *BMPn,unsigned char BMPfx,unsigned int sudu)//ЭМЦЌб­ЛЗвЦЖЏКЏЪ§
 430          {//ВЮЪ§ЃКЭМЦЌЦ№ЪМСазјБъЃЌ аазјБъЃЈвГЃЉЃЌНсЪјСазјБъЃЌНсЪјаазјБъЃЌ  ЭМЦЌУћЃЌ  вЦЖЏЗНЯђЃЌ вЦЖЏЫйЖШ
 431   1              static unsigned char bmx=0;
 432   1              if(BMPfx == LEFT)               //ИФАцxзјБъвЊдк64~128МфЃЈгаbugЃЉ//жЛФмЪЕЯжДгзюгвЕНзюзѓЃЌЭМЦЌжЛФмЭЛШЛГіЯжМАЭЛШЛЯћЪЇШЛКѓ
             -жиИДЃЈВЛФмЪЕЯжДгOLEDвЛЕуЕуГіЯжЕФаЇЙћЃЉ                                                                                                                                                                        //ЗНЯђЃКзѓ
 433   1              {                                               //УуЧПзіЕНЕаШЫДггвВрГіЯжЕФНсЙћ
 434   2                      if(bmx >= 128)bmx = 0;
 435   2                      if(bmx <= 128)                                                                                                                                                                                                                          
 436   2                      {       
 437   3                              if(BMPx1-bmx>0){
 438   4                                      OLED_DrawBMP_Faster(BMPx1-bmx,BMPy1,BMPx2-bmx,BMPy2,BMPn);                                                              //АДЕБЧАзјБъИќаТЭМаЮ
 439   4                                      OLED_DrawBMP_Faster(BMPx2-bmx,BMPy1,BMPx2+8-bmx,BMPy2,BMPclr);                  //ВСГ§гвВрВагА
 440   4                                      bmx += 8;                       //зѓвЦ8СаЯёЫи
 441   4                              }
 442   3                              else{
 443   4                                      OLED_DrawBMP_Faster(0,BMPy1,BMPx2-BMPx1,BMPy2,BMPclr);//ВСГ§ВагА
 444   4                                      bmx=0;
 445   4                              }
 446   3                      }
 447   2                      
 448   2                      
 449   2              }
 450   1              if(BMPfx == RIGHT)              //ИФАцxзјБъвЊдк0~64МфЃЈгаbugЃЉЃЈвЛбљЃЉ                                                                                                                                                                                          //ЗНЯђЃКгв
 451   1              {
 452   2                      if(bmx >= 128) bmx = 0;
 453   2                      if(bmx <= 128)                                                                                                                                                                                                                  
 454   2                      {
 455   3                              if(bmx+BMPx2<144){
 456   4                                      OLED_DrawBMP_Faster(bmx+BMPx1,BMPy1,bmx+BMPx2,BMPy2,BMPn);                                                              //АДЕБЧАзјБъИќаТЭМаЮ
 457   4      //                              OLED_DrawBMP_Faster(bmx+BMPx2,BMPy1,bmx+BMPx2+8,BMPy2,BMPclr);  
 458   4                                      OLED_DrawBMP_Faster(bmx+BMPx1-8,BMPy1,bmx+BMPx1,BMPy2,BMPclr);//ВСГ§зѓВрВагА
 459   4                                      bmx +=8;                                //гввЦ8СаЯёЫи
 460   4                                      }
 461   3                              else{
 462   4                                      OLED_DrawBMP_Faster(128-(BMPx2-BMPx1),BMPy1,128,BMPy2,BMPclr);//ВСГ§ВагА
 463   4                                      bmx=0;
 464   4                              }
 465   3                      }
 466   2              }       
C51 COMPILER V9.54   OLED                                                                  04/03/2026 11:03:29 PAGE 9   

 467   1              delay_ms(sudu*10);                                                                                                                                                                                                              //ЫйЖШ10КСУы*sudu
 468   1      }
 469          
 470          
 471          
 472          
 473          
 474          //ГѕЪМЛЏSSD1306                                     
 475          void OLED_Init(void)
 476          {       
 477   1       
 478   1              OLED_WR_Byte(0xAE,OLED_CMD);//--display off
 479   1              OLED_WR_Byte(0x00,OLED_CMD);//---set low column address
 480   1              OLED_WR_Byte(0x10,OLED_CMD);//---set high column address
 481   1              OLED_WR_Byte(0x40,OLED_CMD);//--set start line address  
 482   1              OLED_WR_Byte(0xB0,OLED_CMD);//--set page address
 483   1              OLED_WR_Byte(0x81,OLED_CMD); // contract control
 484   1              OLED_WR_Byte(0xFF,OLED_CMD);//--128   
 485   1              OLED_WR_Byte(0xA1,OLED_CMD);//set segment remap 
 486   1              OLED_WR_Byte(0xA6,OLED_CMD);//--normal / reverse
 487   1              OLED_WR_Byte(0xA8,OLED_CMD);//--set multiplex ratio(1 to 64)
 488   1              OLED_WR_Byte(0x3F,OLED_CMD);//--1/32 duty
 489   1              OLED_WR_Byte(0xC8,OLED_CMD);//Com scan direction
 490   1              OLED_WR_Byte(0xD3,OLED_CMD);//-set display offset
 491   1              OLED_WR_Byte(0x00,OLED_CMD);//
 492   1              
 493   1              OLED_WR_Byte(0xD5,OLED_CMD);//set osc division
 494   1              OLED_WR_Byte(0x80,OLED_CMD);//
 495   1              
 496   1              OLED_WR_Byte(0xD8,OLED_CMD);//set area color mode off
 497   1              OLED_WR_Byte(0x05,OLED_CMD);//
 498   1              
 499   1              OLED_WR_Byte(0xD9,OLED_CMD);//Set Pre-Charge Period
 500   1              OLED_WR_Byte(0xF1,OLED_CMD);//
 501   1              
 502   1              OLED_WR_Byte(0xDA,OLED_CMD);//set com pin configuartion
 503   1              OLED_WR_Byte(0x12,OLED_CMD);//
 504   1              
 505   1              OLED_WR_Byte(0xDB,OLED_CMD);//set Vcomh
 506   1              OLED_WR_Byte(0x30,OLED_CMD);//
 507   1              
 508   1              OLED_WR_Byte(0x8D,OLED_CMD);//set charge pump enable
 509   1              OLED_WR_Byte(0x14,OLED_CMD);//
 510   1              
 511   1              OLED_WR_Byte(0xAF,OLED_CMD);//--turn on oled panel
 512   1      }  
 513           


MODULE INFORMATION:   STATIC OVERLAYABLE
   CODE SIZE        =   1027    ----
   CONSTANT SIZE    =   2276    ----
   XDATA SIZE       =   ----    ----
   PDATA SIZE       =   ----    ----
   DATA SIZE        =      2      28
   IDATA SIZE       =   ----    ----
   BIT SIZE         =   ----    ----
END OF MODULE INFORMATION.


C51 COMPILATION COMPLETE.  0 WARNING(S),  0 ERROR(S)
