C51 COMPILER V9.54   MAIN                                                                  03/28/2026 23:31:31 PAGE 1   


C51 COMPILER V9.54, COMPILATION OF MODULE MAIN
OBJECT MODULE PLACED IN .\Objects\main.obj
COMPILER INVOKED BY: E:\51keil_5\C51\BIN\C51.EXE main.c OPTIMIZE(8,SPEED) BROWSE DEBUG OBJECTEXTEND PRINT(.\Listings\mai
                    -n.lst) OBJECT(.\Objects\main.obj)

line level    source

   1          #include <REGX52.H>
   2          #include "Delay.h"
   3          #include "Timer.h"
   4          
   5          
   6          //йҹіз¬ҰдёҺзҙўеј•еҜ№еә”иЎЁпјҢPпјҡдј‘жӯўз¬ҰпјҢLпјҡдҪҺйҹіпјҢMпјҡдёӯйҹіпјҢHпјҡй«ҳйҹіпјҢдёӢеҲ’зәҝпјҡеҚҮеҚҠйҹіз
             -¬ҰеҸ·#
   7          #define P       0
   8          #define L1      1
   9          #define L1_     2
  10          #define L2      3
  11          #define L2_     4
  12          #define L3      5
  13          #define L4      6
  14          #define L4_     7
  15          #define L5      8
  16          #define L5_     9
  17          #define L6      10
  18          #define L6_     11
  19          #define L7      12
  20          #define M1      13
  21          #define M1_     14
  22          #define M2      15
  23          #define M2_     16
  24          #define M3      17
  25          #define M4      18
  26          #define M4_     19
  27          #define M5      20
  28          #define M5_     21
  29          #define M6      22
  30          #define M6_     23
  31          #define M7      24
  32          #define H1      25
  33          #define H1_     26
  34          #define H2      27
  35          #define H2_     28
  36          #define H3      29
  37          #define H4      30
  38          #define H4_     31
  39          #define H5      32
  40          #define H5_     33
  41          #define H6      34
  42          #define H6_     35
  43          #define H7      36
  44          
  45          #define SPEED   250  //ж’ӯж”ҫйҖҹеәҰпјҢеҖјдёәеӣӣеҲҶйҹіз¬Ұзҡ„ж—¶й•ҝ(ms)
  46          
  47          sbit buzzer=P2^5;   //иңӮйёЈеҷЁз«ҜеҸЈе®ҡд№ү
  48          
  49          unsigned int yin,jyunjyou;
  50          
  51          //зҙўеј•дёҺйў‘зҺҮеҜ№з…§иЎЁ
  52          code unsigned int FreqTable[]={
  53                  0,
C51 COMPILER V9.54   MAIN                                                                  03/28/2026 23:31:31 PAGE 2   

  54                  63628,63731,63835,63928,64021,64103,64185,64260,64331,64400,64463,64528,
  55                  64580,64633,64684,64732,64777,64820,64860,64898,64934,64968,65000,65030,
  56                  65058,65085,65110,65134,65157,65178,65198,65217,65235,65252,65268,65283,
  57          };
  58          
  59          
  60          code unsigned char Music[]={
  61                  
  62                  M2,1, M3,1, M4,1, M5,1,   M6,2, 0,1, M5,1, M4,1,
  63              M5,1, M6,1, H1,2, 0,1,    M6,1, M5,1, M4,1, 0,1,
  64          
  65              M2,1, M3,1, M4,1, M5,1,   M6,2, 0,1, M5,1, M4,1,
  66              M5,1, M6,1, H1,2, 0,1,    M5,2, 0,1, 0,1, 0,1,
  67          
  68             
  69              M5,1, M5,1, M6,1, H1,2,   M5,2, 0,1, M4,1, M2,1,
  70              M1,1, M2,1, M3,2, 0,1,    M2,2, 0,1, 0,1, 0,1,
  71          
  72              M5,1, M5,1, M6,1, H1,2,   M5,2, 0,1, M4,1, M2,1,
  73              M1,1, M2,1, M3,2, 0,1,    M3,2, 0,1, 0,1, 0,1,
  74                  
  75                  M2,1, M3,1, M5,1, M6,2,   M5,2, 0,1, M4,1, M2,1,
  76                  M2,1, M3,1, M5,2, 0,1,    M6,2, 0,1, 0,1, 0,1,
  77          
  78                  M2,1, M3,1, M5,1, M6,2,   M5,2, 0,1, M4,1, M2,1,
  79                  M2,1, M3,1, M5,2, 0,1,    M4,2, 0,1, 0,1, 0,1,
  80          
  81          
  82                  M5,1, M6,1, H1,1, H2,2,   H1,2, M6,1, M5,1, M3,1,
  83                  M2,1, M3,1, M5,2, 0,1,    M3,2, 0,1, 0,1, 0,1,
  84          
  85                  M2,1, M3,1, M5,1, M6,2,   H1,2, M6,1, M5,1, M4,1,
  86                  M3,1, M5,1, M6,2, 0,1,    M5,2, 0,1, 0,1, 0,1,
  87                  
  88                  M5,1, M6,1, H1,1, H2,2,   H1,2, M6,1, M5,1, M3,1,
  89                  M2,1, M3,1, M5,2, 0,1,    M3,2, 0,1, 0,1, 0,1,
  90          
  91                  M5,1, M6,1, H1,2, M6,1,   M5,2, M3,1, M2,1, M1,1,
  92                  M2,1, M3,1, M2,2, 0,1,    M1,2, 0,1, 0,1, 0,1,
  93          
  94          
  95                  M2,1, M3,1, M5,2, M3,1,   M2,2, 0,1, M1,1, 0,1,
  96                  M1,2, 0,2, 0,2,
  97                  
  98                  0xff  //з»Ҳжӯўж Үеҝ—
  99          };
 100          
 101          void main()
 102          {
 103   1              char chong=0;
 104   1              Timer0_Init();
 105   1              
 106   1              while(1)
 107   1              {
 108   2                      if(Music[yin]!=0xff) //еҰӮжһңдёҚжҳҜеҒңжӯўж Үеҝ—дҪҚ
 109   2                      {
 110   3                              jyunjyou=Music[yin];//йҖүжӢ©йҹіз¬ҰеҜ№еә”зҡ„йў‘зҺҮ
 111   3                              yin++;
 112   3                              Delay(SPEED*Music[yin]);//йҖүжӢ©йҹіз¬ҰеҜ№еә”зҡ„ж—¶еҖј
 113   3                              yin++;
 114   3                              TR0=0;
 115   3                              Delay(5);       //йҹіз¬Ұй—ҙзҹӯжҡӮеҒңйЎҝ
C51 COMPILER V9.54   MAIN                                                                  03/28/2026 23:31:31 PAGE 3   

 116   3                              TR0=1;
 117   3                      }
 118   2                      else    //еҰӮжһңжҳҜеҒңжӯўж Үеҝ—дҪҚ
 119   2                      {
 120   3                              TR0=0;
 121   3                              while(1){}
 122   3                      
 123   3                      }
 124   2              }       
 125   1      }
 126          
 127          
 128          void Timer0_Routine() interrupt 1
 129          {
 130   1              TL0=FreqTable[jyunjyou]%256;    //и®ҫзҪ®е®ҡж—¶еҲқеҖј    
 131   1              TH0=FreqTable[jyunjyou]/256;    //и®ҫзҪ®е®ҡж—¶еҲқеҖј
 132   1              buzzer=!buzzer;                                 //зҝ»иҪ¬иңӮйёЈеҷЁIOеҸЈ
 133   1      }
 134          


MODULE INFORMATION:   STATIC OVERLAYABLE
   CODE SIZE        =    144    ----
   CONSTANT SIZE    =    417    ----
   XDATA SIZE       =   ----    ----
   PDATA SIZE       =   ----    ----
   DATA SIZE        =      4       1
   IDATA SIZE       =   ----    ----
   BIT SIZE         =   ----    ----
END OF MODULE INFORMATION.


C51 COMPILATION COMPLETE.  0 WARNING(S),  0 ERROR(S)
