C51 COMPILER V9.54   TIMER                                                                 03/28/2026 22:50:35 PAGE 1   


C51 COMPILER V9.54, COMPILATION OF MODULE TIMER
OBJECT MODULE PLACED IN .\Objects\Timer.obj
COMPILER INVOKED BY: E:\51keil_5\C51\BIN\C51.EXE Timer.c OPTIMIZE(8,SPEED) BROWSE DEBUG OBJECTEXTEND PRINT(.\Listings\Ti
                    -mer.lst) OBJECT(.\Objects\Timer.obj)

line level    source

   1          #include "Timer.h"
   2          
   3          void Timer0_Init()
   4          {
   5   1              TMOD&=0xf0;
   6   1              TMOD|=0x01;
   7   1              TF0=0;
   8   1              TR0=1;
   9   1              TL0=0x66;               
  10   1              TH0=0xFC;
  11   1              ET0=1;
  12   1              EA=1;
  13   1              PT0=0;
  14   1      }
  15          
  16          /*
  17          void Timer0_Routine() interrupt 1
  18          {
  19                  static unsigned int num=0;
  20                  TL0=0x66;               
  21                  TH0=0xFC;
  22                  num++;
  23                  if(num>=1000)
  24                  {
  25                          num=0;
  26                          
  27                  }
  28          }
  29          */


MODULE INFORMATION:   STATIC OVERLAYABLE
   CODE SIZE        =     23    ----
   CONSTANT SIZE    =   ----    ----
   XDATA SIZE       =   ----    ----
   PDATA SIZE       =   ----    ----
   DATA SIZE        =   ----    ----
   IDATA SIZE       =   ----    ----
   BIT SIZE         =   ----    ----
END OF MODULE INFORMATION.


C51 COMPILATION COMPLETE.  0 WARNING(S),  0 ERROR(S)
