C51 COMPILER V9.54   MAIN                                                                  03/29/2026 14:02:25 PAGE 1   


C51 COMPILER V9.54, COMPILATION OF MODULE MAIN
OBJECT MODULE PLACED IN .\Objects\main.obj
COMPILER INVOKED BY: E:\51keil_5\C51\BIN\C51.EXE main.c OPTIMIZE(8,SPEED) BROWSE DEBUG OBJECTEXTEND PRINT(.\Listings\mai
                    -n.lst) OBJECT(.\Objects\main.obj)

line level    source

   1          #include <REGX52.H>
   2          #include "Timer.h"
   3          
   4          
   5          #define TASK_NUM 2 //иЎЁзӨәжңүдёӨдёӘд»»еҠЎ
   6          
   7          
   8          typedef enum{
   9                  guaqi=0,                //жҢӮиө·жҖҒ
  10                  yunxing                 //иҝҗиЎҢжҖҒ
  11          } task_state_t;         
  12          
  13          typedef struct {
  14              void (*task_func)(void);            //еӯҳж”ҫд»»еҠЎеҮҪж•°ең°еқҖ              
  15              unsigned int delay;                         //еӯҳж”ҫж—¶еҒңж—¶й—ҙ
  16              task_state_t state;                         //иЎЁзӨәзҠ¶жҖҒ
  17          } task_t;                                                       
  18          
  19          
  20          task_t tasks[TASK_NUM];                 //дёӨдёӘж•°з»„з»“жһ„                            
  21          volatile unsigned int num;              //дёҖз§’еҠ 1
  22                                  
  23          
  24          void Timer0_Routine() interrupt 1               //дёӯж–ӯ
  25          {
  26   1              static char i=0;
  27   1              TL0=0x18;               //дёҖжҜ«з§’
  28   1              TH0=0xfc;               //е®ҡж—¶
  29   1              
  30   1              num++;
  31   1              for(i=0;i<TASK_NUM;i++){
  32   2                      if(tasks[i].state==guaqi){              //еҲӨж–ӯзҠ¶жҖҒ
  33   3                              if(tasks[i].delay>0){           //еҲӨж–ӯжҳҜеҗҰиҝҳжңүж—¶еҒңж—¶й—ҙ
  34   4                                      tasks[i].delay--;
  35   4                              }
  36   3                              if(tasks[i].delay==0){          //еҲӨж–ӯж—¶еҒңжҳҜеҗҰж¶ҲиҖ—е®Ң
  37   4                                      tasks[i].state = yunxing;               //ж”№еҸҳзҠ¶жҖҒ
  38   4                              }
  39   3                      }
  40   2              }
  41   1      }
  42          
  43          
  44          void task_delay(unsigned char i,unsigned int ms)                //ж №жҚ®дј иҝҮжқҘзҡ„iе’ҢmsеҶіе®ҡе“ӘдёӘд»»еҠЎж—¶еҒңеӨҡй•ҝ
  45          {
  46   1              tasks[i].delay = ms;            //iд»»еҠЎж—¶еҒңms
  47   1              tasks[i].state = guaqi;         //ж”№еҸҳд»»еҠЎiзҠ¶жҖҒ
  48   1      }
  49          
  50          
  51          void task_switch(void){
  52   1              static char i=0;
  53   1              for(i=0;i<TASK_NUM;i++){
  54   2                      if(tasks[i].state == yunxing && tasks[i].delay == 0){           //еҲӨж–ӯеҲӨж–ӯж—¶еҒңжҳҜеҗҰж¶ҲиҖ—е®Ңдё”дёәеҫ…е‘ҪжҖ
C51 COMPILER V9.54   MAIN                                                                  03/29/2026 14:02:25 PAGE 2   

             -Ғ
  55   3                              tasks[i].task_func();           //жү§иЎҢд»»еҠЎi
  56   3                      }
  57   2              }
  58   1      }
  59          
  60          
  61          void task0()
  62          {
  63   1              P2_0=~P2_0;
  64   1              task_delay(0,1000);
  65   1      }
  66          
  67          void task1()
  68          {
  69   1              P2_2=~P2_2;
  70   1              task_delay(1,500);
  71   1      }
  72          
  73          
  74          void task_Init(){               //е®ҡд№үд»»еҠЎ
  75   1              tasks[0].task_func = task0;
  76   1          tasks[0].delay = 0;
  77   1          tasks[0].state = yunxing;
  78   1      
  79   1          tasks[1].task_func = task1;
  80   1          tasks[1].delay = 0;
  81   1          tasks[1].state = yunxing;
  82   1      }
  83          
  84          
  85          void main()
  86          {         
  87   1              Timer0_Init();
  88   1              task_Init();    
  89   1              
  90   1              while(1){
  91   2                      task_switch();
  92   2              }
  93   1      }
  94          
  95          
  96          


MODULE INFORMATION:   STATIC OVERLAYABLE
   CODE SIZE        =    277    ----
   CONSTANT SIZE    =   ----    ----
   XDATA SIZE       =   ----    ----
   PDATA SIZE       =   ----    ----
   DATA SIZE        =     16    ----
   IDATA SIZE       =   ----    ----
   BIT SIZE         =   ----    ----
END OF MODULE INFORMATION.


C51 COMPILATION COMPLETE.  0 WARNING(S),  0 ERROR(S)
