C51 COMPILER V9.54   AT24C02                                                               03/30/2026 11:15:59 PAGE 1   


C51 COMPILER V9.54, COMPILATION OF MODULE AT24C02
OBJECT MODULE PLACED IN .\Objects\AT24C02.obj
COMPILER INVOKED BY: E:\51keil_5\C51\BIN\C51.EXE AT24C02.c OPTIMIZE(8,SPEED) BROWSE DEBUG OBJECTEXTEND PRINT(.\Listings\
                    -AT24C02.lst) OBJECT(.\Objects\AT24C02.obj)

line level    source

   1          #include "AT24C02.h"
   2          
   3          
   4          void AT24C02_WriteByte(unsigned char dizhi,Data)//在地址写Data
   5          {
   6   1              I2C_Start();
   7   1              I2C_SendByte(AT24C02_dizhi);
   8   1              I2C_ReceiveAck();
   9   1              I2C_SendByte(dizhi);
  10   1              I2C_ReceiveAck();
  11   1              I2C_SendByte(Data);
  12   1              I2C_ReceiveAck();
  13   1              I2C_Stop();
  14   1      }
  15          
  16          unsigned char AT24C02_ReadByte(unsigned char dizhi)//在地址读
  17          {
  18   1              unsigned char Data;
  19   1              
  20   1              I2C_Start();
  21   1              I2C_SendByte(AT24C02_dizhi);
  22   1              I2C_ReceiveAck();
  23   1              I2C_SendByte(dizhi);
  24   1              I2C_ReceiveAck();
  25   1              I2C_Start();
  26   1              I2C_SendByte(AT24C02_dizhi|0x01);
  27   1              I2C_ReceiveAck();
  28   1              Data=I2C_ReceiveByte();
  29   1              I2C_SendAck(1);
  30   1              I2C_Stop();
  31   1              
  32   1              return Data;
  33   1      }
  34          


MODULE INFORMATION:   STATIC OVERLAYABLE
   CODE SIZE        =     84    ----
   CONSTANT SIZE    =   ----    ----
   XDATA SIZE       =   ----    ----
   PDATA SIZE       =   ----    ----
   DATA SIZE        =   ----       5
   IDATA SIZE       =   ----    ----
   BIT SIZE         =   ----    ----
END OF MODULE INFORMATION.


C51 COMPILATION COMPLETE.  0 WARNING(S),  0 ERROR(S)
