C51 COMPILER V9.54   I2C                                                                   03/30/2026 09:46:25 PAGE 1   


C51 COMPILER V9.54, COMPILATION OF MODULE I2C
OBJECT MODULE PLACED IN .\Objects\i2c.obj
COMPILER INVOKED BY: E:\51keil_5\C51\BIN\C51.EXE i2c.c OPTIMIZE(8,SPEED) BROWSE DEBUG OBJECTEXTEND PRINT(.\Listings\i2c.
                    -lst) OBJECT(.\Objects\i2c.obj)

line level    source

   1          #include "i2c.h"
   2          
   3          sbit I2C_SCL=P2^1;
   4          sbit I2C_SDA=P2^0;
   5          
   6          
   7          void I2C_Start(void)
   8          {
   9   1              I2C_SDA=1;
  10   1              I2C_SCL=1;
  11   1              I2C_SDA=0;
  12   1              I2C_SCL=0;
  13   1      }
  14          
  15          void I2C_Stop(void)
  16          {
  17   1              I2C_SDA=0;
  18   1              I2C_SCL=1;
  19   1              I2C_SDA=1;
  20   1      }
  21          
  22          void I2C_SendByte(unsigned char Byte)//发送一个字节
  23          {
  24   1              unsigned char i;
  25   1              for(i=0;i<8;i++)
  26   1              {
  27   2                      I2C_SDA=Byte&(0x80>>i);
  28   2                      I2C_SCL=1;
  29   2                      I2C_SCL=0;
  30   2              }
  31   1      }
  32          
  33          unsigned char I2C_ReceiveByte(void)//接收一个字节
  34          {
  35   1              unsigned char i,Byte=0x00;
  36   1              I2C_SDA=1;
  37   1              for(i=0;i<8;i++)
  38   1              {
  39   2                      I2C_SCL=1;
  40   2                      if(I2C_SDA){Byte|=(0x80>>i);}
  41   2                      I2C_SCL=0;
  42   2              }
  43   1              return Byte;
  44   1      }
  45          
  46          void I2C_SendAck(unsigned char AckBit)//发送应答
  47          {
  48   1              I2C_SDA=AckBit;
  49   1              I2C_SCL=1;
  50   1              I2C_SCL=0;
  51   1      }
  52          
  53          unsigned char I2C_ReceiveAck(void)//接收应答
  54          {
C51 COMPILER V9.54   I2C                                                                   03/30/2026 09:46:25 PAGE 2   

  55   1              unsigned char AckBit;
  56   1              I2C_SDA=1;
  57   1              I2C_SCL=1;
  58   1              AckBit=I2C_SDA;
  59   1              I2C_SCL=0;
  60   1              return AckBit;
  61   1      }
  62          


MODULE INFORMATION:   STATIC OVERLAYABLE
   CODE SIZE        =    109    ----
   CONSTANT SIZE    =   ----    ----
   XDATA SIZE       =   ----    ----
   PDATA SIZE       =   ----    ----
   DATA SIZE        =   ----    ----
   IDATA SIZE       =   ----    ----
   BIT SIZE         =   ----    ----
END OF MODULE INFORMATION.


C51 COMPILATION COMPLETE.  0 WARNING(S),  0 ERROR(S)
