C51 COMPILER V9.54   MAIN                                                                  03/30/2026 19:37:41 PAGE 1   


C51 COMPILER V9.54, COMPILATION OF MODULE MAIN
OBJECT MODULE PLACED IN .\Objects\main.obj
COMPILER INVOKED BY: E:\51keil_5\C51\BIN\C51.EXE main.c OPTIMIZE(8,SPEED) BROWSE DEBUG OBJECTEXTEND PRINT(.\Listings\mai
                    -n.lst) OBJECT(.\Objects\main.obj)

line level    source

   1          #include <REGX52.H>
   2          #include "UART.h"
   3          #include "Delay.h"
   4          #include "Key.h"
   5          #include "AT24C02.h"
   6          
   7          
   8          unsigned char num0,baocun;
   9          unsigned char keynum;
  10          
  11          
  12          void UART_Routine() interrupt 4
  13          {
  14   1              if(RI==1){
  15   2                      UART_SendByte(SBUF);
  16   2                      num0=SBUF;
  17   2                      AT24C02_WriteByte(0,num0);
  18   2                      Delay(5);
  19   2                      RI=0;
  20   2              }
  21   1      }
  22          
  23          
  24          void main(){
  25   1              
  26   1              UART_Init();
  27   1              
  28   1              
  29   1              while(1){
  30   2                      keynum=Key();
  31   2                      
  32   2                      if(keynum==3){
  33   3                              baocun=AT24C02_ReadByte(0);
  34   3                              UART_SendByte(baocun);
  35   3                      }
  36   2              }
  37   1      }


MODULE INFORMATION:   STATIC OVERLAYABLE
   CODE SIZE        =    111    ----
   CONSTANT SIZE    =   ----    ----
   XDATA SIZE       =   ----    ----
   PDATA SIZE       =   ----    ----
   DATA SIZE        =      3    ----
   IDATA SIZE       =   ----    ----
   BIT SIZE         =   ----    ----
END OF MODULE INFORMATION.


C51 COMPILATION COMPLETE.  0 WARNING(S),  0 ERROR(S)
